<?xml version="1.0" encoding="UTF-8"?>
<robot generator="Robot 4.1.3 (Python 3.10.0 on win32)" generated="20220101 01:28:11.207" rpa="false" schemaversion="2">
<suite id="s1" name="TC2" source="C:\Users\amirulcse\PycharmProjects\RobotAutomation\TestCases\TC2.robot">
<test id="s1-t1" name="Open my Browser">
<kw name="Open Browser" library="SeleniumLibrary">
<arg>${url}</arg>
<arg>${browser}</arg>
<doc>Opens a new browser instance to the optional ``url``.</doc>
<msg timestamp="20220101 01:28:11.695" level="INFO">Opening browser 'chrome' to base url 'https://www.saucedemo.com/'.</msg>
<status status="PASS" starttime="20220101 01:28:11.694" endtime="20220101 01:28:16.093"/>
</kw>
<kw name="Maximize Browser Window" library="SeleniumLibrary">
<doc>Maximizes current browser window.</doc>
<status status="PASS" starttime="20220101 01:28:16.093" endtime="20220101 01:28:16.228"/>
</kw>
<kw name="Close Browser" library="SeleniumLibrary">
<doc>Closes the current browser.</doc>
<status status="PASS" starttime="20220101 01:28:16.228" endtime="20220101 01:28:18.499"/>
</kw>
<status status="PASS" starttime="20220101 01:28:11.693" endtime="20220101 01:28:18.501"/>
</test>
<status status="PASS" starttime="20220101 01:28:11.210" endtime="20220101 01:28:18.508"/>
</suite>
<statistics>
<total>
<stat pass="1" fail="0" skip="0">All Tests</stat>
</total>
<tag>
</tag>
<suite>
<stat pass="1" fail="0" skip="0" id="s1" name="TC2">TC2</stat>
</suite>
</statistics>
<errors>
</errors>
</robot>
